3 299 199 99
3 298 198 98
3 297 197 97
3 296 196 96
3 295 195 95
3 294 194 94
3 293 193 93
3 292 192 92
3 291 191 91
3 290 190 90
3 289 189 89
3 288 188 88
3 287 187 87
3 286 186 86
3 285 185 85
3 284 184 84
3 283 183 83
3 282 182 82
3 281 181 81
3 280 180 80
3 279 179 79
3 278 178 78
3 277 177 77
3 276 176 76
3 275 175 75
3 274 174 74
3 273 173 73
3 272 172 72
3 271 171 71
3 270 170 70
3 269 169 69
3 268 168 68
3 267 167 67
3 266 166 66
3 265 165 65
3 264 164 64
3 263 163 63
3 262 162 62
3 261 161 61
3 260 160 60
3 259 159 59
3 258 158 58
3 257 157 57
3 256 156 56
3 255 155 55
3 254 154 54
3 253 153 53
3 252 152 52
3 251 151 51
3 250 150 50
3 249 149 49
3 248 148 48
3 247 147 47
3 246 146 46
3 245 145 45
3 244 144 44
3 243 143 43
3 242 142 42
3 241 141 41
3 240 140 40
3 239 139 39
3 238 138 38
3 237 137 37
3 236 136 36
3 235 135 35
3 234 134 34
3 233 133 33
3 232 132 32
3 231 131 31
3 230 130 30
3 229 129 29
3 228 128 28
3 227 127 27
3 226 126 26
3 225 125 25
3 224 124 24
3 223 123 23
3 222 122 22
3 221 121 21
3 220 120 20
3 219 119 19
3 218 118 18
3 217 117 17
3 216 116 16
3 215 115 15
3 214 114 14
3 213 113 13
3 212 112 12
3 211 111 11
3 210 110 10
3 209 109 9
3 208 108 8
3 207 107 7
3 206 106 6
3 205 105 5
3 204 104 4
3 203 103 3
3 202 102 2
3 201 101 1
3 200 100 0